0 info it worked if it ends with ok
1 verbose cli [ '/usr/local/bin/node', '/usr/local/bin/npm', 'run', 'test' ]
2 info using npm@3.5.3
3 info using node@v4.2.2
4 verbose run-script [ 'pretest', 'test', 'posttest' ]
5 info lifecycle module-system@1.0.0~pretest: module-system@1.0.0
6 silly lifecycle module-system@1.0.0~pretest: no script for pretest, continuing
7 info lifecycle module-system@1.0.0~test: module-system@1.0.0
8 verbose lifecycle module-system@1.0.0~test: unsafe-perm in lifecycle true
9 verbose lifecycle module-system@1.0.0~test: PATH: /usr/local/lib/node_modules/npm/bin/node-gyp-bin:/opt/software/module-system/node_modules/.bin:/usr/local/Cellar/php56/5.6.3/bin:~/.composer/vendor/bin/:/usr/bin:/bin:/usr/sbin:/sbin:/usr/local/bin
10 verbose lifecycle module-system@1.0.0~test: CWD: /opt/software/module-system
11 silly lifecycle module-system@1.0.0~test: Args: [ '-c', './node_modules/mocha/bin/mocha' ]
12 silly lifecycle module-system@1.0.0~test: Returned: code: 1  signal: null
13 info lifecycle module-system@1.0.0~test: Failed to exec test script
14 verbose stack Error: module-system@1.0.0 test: `./node_modules/mocha/bin/mocha`
14 verbose stack Exit status 1
14 verbose stack     at EventEmitter.<anonymous> (/usr/local/lib/node_modules/npm/lib/utils/lifecycle.js:232:16)
14 verbose stack     at emitTwo (events.js:87:13)
14 verbose stack     at EventEmitter.emit (events.js:172:7)
14 verbose stack     at ChildProcess.<anonymous> (/usr/local/lib/node_modules/npm/lib/utils/spawn.js:24:14)
14 verbose stack     at emitTwo (events.js:87:13)
14 verbose stack     at ChildProcess.emit (events.js:172:7)
14 verbose stack     at maybeClose (internal/child_process.js:818:16)
14 verbose stack     at Process.ChildProcess._handle.onexit (internal/child_process.js:211:5)
15 verbose pkgid module-system@1.0.0
16 verbose cwd /opt/software/module-system
17 error Darwin 13.4.0
18 error argv "/usr/local/bin/node" "/usr/local/bin/npm" "run" "test"
19 error node v4.2.2
20 error npm  v3.5.3
21 error code ELIFECYCLE
22 error module-system@1.0.0 test: `./node_modules/mocha/bin/mocha`
22 error Exit status 1
23 error Failed at the module-system@1.0.0 test script './node_modules/mocha/bin/mocha'.
23 error Make sure you have the latest version of node.js and npm installed.
23 error If you do, this is most likely a problem with the module-system package,
23 error not with npm itself.
23 error Tell the author that this fails on your system:
23 error     ./node_modules/mocha/bin/mocha
23 error You can get information on how to open an issue for this project with:
23 error     npm bugs module-system
23 error Or if that isn't available, you can get their info via:
23 error     npm owner ls module-system
23 error There is likely additional logging output above.
24 verbose exit [ 1, true ]
